Load image c:\Users\madso\Desktop\circulo4.bmp
Image Rows:512 Cols:512
Load image c:\Users\madso\Desktop\pulmaooito.png
c0=32591309 numero de amostras= 248683 e sua media= 131 
c1=1504649 numero de amostras= 13461 e sua media: 111 
saindo da primeira funcao
Saving image
WARNING: Hls::stream 'hls::stream<ap_axiu<8, 2, 5, 6> >.3' contains leftover data, which may result in RTL simulation hanging.
Load image c:\Users\madso\Desktop\circulo4.bmp
Image Rows:512 Cols:512
Load image c:\Users\madso\Desktop\pulmaooito.png
c0=32591309 numero de amostras= 248683 e sua media= 131 
c1=1504649 numero de amostras= 13461 e sua media: 111 
saindo da primeira funcao
Saving image
WARNING: Hls::stream 'hls::stream<ap_axiu<8, 2, 5, 6> >.7' contains leftover data, which may result in RTL simulation hanging.
Load image c:\Users\madso\Desktop\circulo4.bmp
Image Rows:512 Cols:512
Load image c:\Users\madso\Desktop\pulmaooito.png
c0=32591309 numero de amostras= 248683 e sua media= 131 
c1=1504649 numero de amostras= 13461 e sua media: 111 
saindo da primeira funcao
Saving image
WARNING: Hls::stream 'hls::stream<ap_axiu<8, 2, 5, 6> >.11' contains leftover data, which may result in RTL simulation hanging.
Load image c:\Users\madso\Desktop\circulo4.bmp
Image Rows:512 Cols:512
Load image c:\Users\madso\Desktop\pulmaooito.png
c0=32591309 numero de amostras= 248683 e sua media= 131 
c1=1504649 numero de amostras= 13461 e sua media: 111 
saindo da primeira funcao
Saving image
WARNING: Hls::stream 'hls::stream<ap_axiu<8, 2, 5, 6> >.15' contains leftover data, which may result in RTL simulation hanging.
Load image c:\Users\madso\Desktop\circulo4.bmp
Image Rows:512 Cols:512
Load image c:\Users\madso\Desktop\pulmaooito.png
c0=32591309 numero de amostras= 248683 e sua media= 131 
c1=1504649 numero de amostras= 13461 e sua media: 111 
saindo da primeira funcao
Saving image
WARNING: Hls::stream 'hls::stream<ap_axiu<8, 2, 5, 6> >.19' contains leftover data, which may result in RTL simulation hanging.
Load image c:\Users\madso\Desktop\circulo4.bmp
Image Rows:512 Cols:512
Load image c:\Users\madso\Desktop\pulmaooito.png
c0=32591309 numero de amostras= 248683 e sua media= 131 
c1=1504649 numero de amostras= 13461 e sua media: 111 
saindo da primeira funcao
Saving image
WARNING: Hls::stream 'hls::stream<ap_axiu<8, 2, 5, 6> >.23' contains leftover data, which may result in RTL simulation hanging.
Load image c:\Users\madso\Desktop\circulo4.bmp
Image Rows:512 Cols:512
Load image c:\Users\madso\Desktop\pulmaooito.png
c0=32591309 numero de amostras= 248683 e sua media= 131 
c1=1504649 numero de amostras= 13461 e sua media: 111 
saindo da primeira funcao
Saving image
WARNING: Hls::stream 'hls::stream<ap_axiu<8, 2, 5, 6> >.27' contains leftover data, which may result in RTL simulation hanging.
Load image c:\Users\madso\Desktop\circulo4.bmp
Image Rows:512 Cols:512
Load image c:\Users\madso\Desktop\pulmaooito.png
c0=32591309 numero de amostras= 248683 e sua media= 131 
c1=1504649 numero de amostras= 13461 e sua media: 111 
saindo da primeira funcao
Saving image
WARNING: Hls::stream 'hls::stream<ap_axiu<8, 2, 5, 6> >.31' contains leftover data, which may result in RTL simulation hanging.
Load image c:\Users\madso\Desktop\circulo4.bmp
Image Rows:512 Cols:512
Load image c:\Users\madso\Desktop\pulmaooito.png
c0=32591309 numero de amostras= 248683 e sua media= 131 
c1=1504649 numero de amostras= 13461 e sua media: 111 
saindo da primeira funcao
Saving image
WARNING: Hls::stream 'hls::stream<ap_axiu<8, 2, 5, 6> >.35' contains leftover data, which may result in RTL simulation hanging.
Load image c:\Users\madso\Desktop\circulo4.bmp
Image Rows:512 Cols:512
Load image c:\Users\madso\Desktop\pulmaooito.png
c0=32591309 numero de amostras= 248683 e sua media= 131 
c1=1504649 numero de amostras= 13461 e sua media: 111 
saindo da primeira funcao
Saving image
WARNING: Hls::stream 'hls::stream<ap_axiu<8, 2, 5, 6> >.39' contains leftover data, which may result in RTL simulation hanging.
Load image c:\Users\madso\Desktop\circulo4.bmp
Image Rows:512 Cols:512
Load image c:\Users\madso\Desktop\pulmaooito.png
c0=32591309 numero de amostras= 248683 e sua media= 131 
c1=1504649 numero de amostras= 13461 e sua media: 111 
saindo da primeira funcao
Saving image
WARNING: Hls::stream 'hls::stream<ap_axiu<8, 2, 5, 6> >.43' contains leftover data, which may result in RTL simulation hanging.
Load image c:\Users\madso\Desktop\circulo4.bmp
Image Rows:512 Cols:512
Load image c:\Users\madso\Desktop\pulmaooito.png
c0=32591309 numero de amostras= 248683 e sua media= 131 
c1=1504649 numero de amostras= 13461 e sua media: 111 
saindo da primeira funcao
Saving image
WARNING: Hls::stream 'hls::stream<ap_axiu<8, 2, 5, 6> >.47' contains leftover data, which may result in RTL simulation hanging.
Load image c:\Users\madso\Desktop\circulo4.bmp
Image Rows:512 Cols:512
Load image c:\Users\madso\Desktop\pulmaooito.png
c0=32591309 numero de amostras= 248683 e sua media= 131 
c1=1504649 numero de amostras= 13461 e sua media: 111 
saindo da primeira funcao
Saving image
WARNING: Hls::stream 'hls::stream<ap_axiu<8, 2, 5, 6> >.51' contains leftover data, which may result in RTL simulation hanging.
Load image c:\Users\madso\Desktop\circulo4.bmp
Image Rows:512 Cols:512
Load image c:\Users\madso\Desktop\pulmaooito.png
c0=32591309 numero de amostras= 248683 e sua media= 131 
c1=1504649 numero de amostras= 13461 e sua media: 111 
saindo da primeira funcao
Saving image
WARNING: Hls::stream 'hls::stream<ap_axiu<8, 2, 5, 6> >.55' contains leftover data, which may result in RTL simulation hanging.
Load image c:\Users\madso\Desktop\circulo4.bmp
Image Rows:512 Cols:512
Load image c:\Users\madso\Desktop\pulmaooito.png
c0=32591309 numero de amostras= 248683 e sua media= 131 
c1=1504649 numero de amostras= 13461 e sua media: 111 
saindo da primeira funcao
Saving image
WARNING: Hls::stream 'hls::stream<ap_axiu<8, 2, 5, 6> >.59' contains leftover data, which may result in RTL simulation hanging.
Load image c:\Users\madso\Desktop\circulo4.bmp
Image Rows:512 Cols:512
Load image c:\Users\madso\Desktop\pulmaooito.png
c0=32591309 numero de amostras= 248683 e sua media= 131 
c1=1504649 numero de amostras= 13461 e sua media: 111 
saindo da primeira funcao
Saving image
WARNING: Hls::stream 'hls::stream<ap_axiu<8, 2, 5, 6> >.63' contains leftover data, which may result in RTL simulation hanging.
Load image c:\Users\madso\Desktop\circulo4.bmp
Image Rows:512 Cols:512
Load image c:\Users\madso\Desktop\pulmaooito.png
c0=32591309 numero de amostras= 248683 e sua media= 131 
c1=1504649 numero de amostras= 13461 e sua media: 111 
saindo da primeira funcao
Saving image
WARNING: Hls::stream 'hls::stream<ap_axiu<8, 2, 5, 6> >.67' contains leftover data, which may result in RTL simulation hanging.
Load image c:\Users\madso\Desktop\circulo4.bmp
Image Rows:512 Cols:512
Load image c:\Users\madso\Desktop\pulmaooito.png
c0=32591309 numero de amostras= 248683 e sua media= 131 
c1=1504649 numero de amostras= 13461 e sua media: 111 
saindo da primeira funcao
Saving image
WARNING: Hls::stream 'hls::stream<ap_axiu<8, 2, 5, 6> >.71' contains leftover data, which may result in RTL simulation hanging.
Load image c:\Users\madso\Desktop\circulo4.bmp
Image Rows:512 Cols:512
Load image c:\Users\madso\Desktop\pulmaooito.png
c0=32591309 numero de amostras= 248683 e sua media= 131 
c1=1504649 numero de amostras= 13461 e sua media: 111 
saindo da primeira funcao
Saving image
WARNING: Hls::stream 'hls::stream<ap_axiu<8, 2, 5, 6> >.75' contains leftover data, which may result in RTL simulation hanging.
Load image c:\Users\madso\Desktop\circulo4.bmp
Image Rows:512 Cols:512
Load image c:\Users\madso\Desktop\pulmaooito.png
c0=32591309 numero de amostras= 248683 e sua media= 131 
c1=1504649 numero de amostras= 13461 e sua media: 111 
saindo da primeira funcao
Saving image
WARNING: Hls::stream 'hls::stream<ap_axiu<8, 2, 5, 6> >.79' contains leftover data, which may result in RTL simulation hanging.
Load image c:\Users\madso\Desktop\circulo4.bmp
Image Rows:512 Cols:512
Load image c:\Users\madso\Desktop\pulmaooito.png
c0=32591309 numero de amostras= 248683 e sua media= 131 
c1=1504649 numero de amostras= 13461 e sua media: 111 
saindo da primeira funcao
Saving image
WARNING: Hls::stream 'hls::stream<ap_axiu<8, 2, 5, 6> >.83' contains leftover data, which may result in RTL simulation hanging.
Load image c:\Users\madso\Desktop\circulo4.bmp
Image Rows:512 Cols:512
Load image c:\Users\madso\Desktop\pulmaooito.png
c0=32591309 numero de amostras= 248683 e sua media= 131 
c1=1504649 numero de amostras= 13461 e sua media: 111 
saindo da primeira funcao
Saving image
WARNING: Hls::stream 'hls::stream<ap_axiu<8, 2, 5, 6> >.87' contains leftover data, which may result in RTL simulation hanging.
Load image c:\Users\madso\Desktop\circulo4.bmp
Image Rows:512 Cols:512
Load image c:\Users\madso\Desktop\pulmaooito.png
c0=32591309 numero de amostras= 248683 e sua media= 131 
c1=1504649 numero de amostras= 13461 e sua media: 111 
saindo da primeira funcao
Saving image
WARNING: Hls::stream 'hls::stream<ap_axiu<8, 2, 5, 6> >.91' contains leftover data, which may result in RTL simulation hanging.
Load image c:\Users\madso\Desktop\circulo4.bmp
Image Rows:512 Cols:512
Load image c:\Users\madso\Desktop\pulmaooito.png
c0=32591309 numero de amostras= 248683 e sua media= 131 
c1=1504649 numero de amostras= 13461 e sua media: 111 
saindo da primeira funcao
Saving image
WARNING: Hls::stream 'hls::stream<ap_axiu<8, 2, 5, 6> >.95' contains leftover data, which may result in RTL simulation hanging.
Load image c:\Users\madso\Desktop\circulo4.bmp
Image Rows:512 Cols:512
Load image c:\Users\madso\Desktop\pulmaooito.png
c0=32591309 numero de amostras= 248683 e sua media= 131 
c1=1504649 numero de amostras= 13461 e sua media: 111 
saindo da primeira funcao
Saving image
WARNING: Hls::stream 'hls::stream<ap_axiu<8, 2, 5, 6> >.99' contains leftover data, which may result in RTL simulation hanging.
Load image c:\Users\madso\Desktop\circulo4.bmp
Image Rows:512 Cols:512
Load image c:\Users\madso\Desktop\pulmaooito.png
c0=32591309 numero de amostras= 248683 e sua media= 131 
c1=1504649 numero de amostras= 13461 e sua media: 111 
saindo da primeira funcao
Saving image
WARNING: Hls::stream 'hls::stream<ap_axiu<8, 2, 5, 6> >.103' contains leftover data, which may result in RTL simulation hanging.
Load image c:\Users\madso\Desktop\circulo4.bmp
Image Rows:512 Cols:512
Load image c:\Users\madso\Desktop\pulmaooito.png
c0=32591309 numero de amostras= 248683 e sua media= 131 
c1=1504649 numero de amostras= 13461 e sua media: 111 
saindo da primeira funcao
Saving image
WARNING: Hls::stream 'hls::stream<ap_axiu<8, 2, 5, 6> >.107' contains leftover data, which may result in RTL simulation hanging.
Load image c:\Users\madso\Desktop\circulo4.bmp
Image Rows:512 Cols:512
Load image c:\Users\madso\Desktop\pulmaooito.png
c0=32591309 numero de amostras= 248683 e sua media= 131 
c1=1504649 numero de amostras= 13461 e sua media: 111 
saindo da primeira funcao
Saving image
WARNING: Hls::stream 'hls::stream<ap_axiu<8, 2, 5, 6> >.111' contains leftover data, which may result in RTL simulation hanging.
